#
# There is insufficient memory for the Java Runtime Environment to continue.
# Native memory allocation (malloc) failed to allocate 1048576 bytes for AllocateHeap
# Possible reasons:
#   The system is out of physical RAM or swap space
#   The process is running with CompressedOops enabled, and the Java Heap may be blocking the growth of the native heap
# Possible solutions:
#   Reduce memory load on the system
#   Increase physical memory or swap space
#   Check if swap backing store is full
#   Decrease Java heap size (-Xmx/-Xms)
#   Decrease number of Java threads
#   Decrease Java thread stack sizes (-Xss)
#   Set larger code cache with -XX:ReservedCodeCacheSize=
# This output file may be truncated or incomplete.
#
#  Out of Memory Error (./src/hotspot/share/memory/allocation.cpp:46), pid=2680, tid=14380
#
# JRE version:  (11.0.10) (build )
# Java VM: OpenJDK 64-Bit Server VM (11.0.10+0-b96-7249189, mixed mode, sharing, tiered, compressed oops, g1 gc, windows-amd64)
# No core dump will be written. Minidumps are not enabled by default on client versions of Windows
#

---------------  S U M M A R Y ------------

Command Line: -Djava.awt.headless=true -Dorg.gradle.internal.worker.tmpdir=C:\Users\user\AndroidStudioProjects\ConvertBinaryandHex\app\build\tmp\testDebugUnitTest\work -Dorg.gradle.native=false --add-opens=java.base/java.util=ALL-UNNAMED --add-opens=java.base/java.lang=ALL-UNNAMED -Xmx512m -Dfile.encoding=windows-1252 -Duser.country=US -Duser.language=en -Duser.variant -ea worker.org.gradle.process.internal.worker.GradleWorkerMain 'Gradle Test Executor 1'

Host: Intel(R) Core(TM) i7-4790K CPU @ 4.00GHz, 8 cores, 15G,  Windows 10 , 64 bit Build 19041 (10.0.19041.1202)
Time: Wed Sep 29 22:45:21 2021 Eastern Daylight Time elapsed time: 0.009694 seconds (0d 0h 0m 0s)

---------------  T H R E A D  ---------------

Current thread (0x0000020ba2b73800):  JavaThread "Unknown thread" [_thread_in_vm, id=14380, stack(0x0000001b94f00000,0x0000001b95000000)]

Stack: [0x0000001b94f00000,0x0000001b95000000]
Native frames: (J=compiled Java code, j=interpreted, Vv=VM code, C=native code)
V  [jvm.dll+0x5ecfaa]
V  [jvm.dll+0x722bd5]
V  [jvm.dll+0x72412d]
V  [jvm.dll+0x7247e3]
V  [jvm.dll+0x242928]
V  [jvm.dll+0xb39a4]
V  [jvm.dll+0x2e08f7]
V  [jvm.dll+0x2d99fa]
V  [jvm.dll+0x701737]
V  [jvm.dll+0x702f2c]
V  [jvm.dll+0x3587d9]
V  [jvm.dll+0x6e4fae]
V  [jvm.dll+0x3c0be3]
V  [jvm.dll+0x3c2e91]
C  [jli.dll+0x5373]
C  [ucrtbase.dll+0x21bb2]
C  [KERNEL32.DLL+0x17034]
C  [ntdll.dll+0x52651]


---------------  P R O C E S S  ---------------

Threads class SMR info:
_java_thread_list=0x0000020ba2986010, length=0, elements={
}

Java Threads: ( => current thread )

Other Threads:
  0x0000020ba2b8a800 GCTaskThread "GC Thread#0" [stack: 0x0000001b95000000,0x0000001b95100000] [id=20656]

[error occurred during error reporting (printing all threads), id 0xc0000005, EXCEPTION_ACCESS_VIOLATION (0xc0000005) at pc=0x00007ffabd325ec0]

VM state:not at safepoint (not fully initialized)

VM Mutex/Monitor currently owned by a thread:  ([mutex/lock_event])
[0x0000020ba2b70550] Heap_lock - owner thread: 0x0000020ba2b73800

Heap address: 0x00000000e0000000, size: 512 MB, Compressed Oops mode: Non-zero based: 0x00000000e0000000
Narrow klass base: 0x0000000000000000, Narrow klass shift: 0

GC Heap History (0 events):
No events

Deoptimization events (0 events):
No events

Classes redefined (0 events):
No events

Internal exceptions (0 events):
No events

Events (1 events):
Event: 0.006 Loaded shared library C:\Program Files\Android\Android Studio\jre\bin\zip.dll


Dynamic libraries:
0x00007ff654e40000 - 0x00007ff654e4a000 	C:\Program Files\Android\Android Studio\jre\bin\java.exe
0x00007ffaf6d50000 - 0x00007ffaf6f45000 	C:\WINDOWS\SYSTEM32\ntdll.dll
0x00007ffaf5dc0000 - 0x00007ffaf5e7e000 	C:\WINDOWS\System32\KERNEL32.DLL
0x00007ffaf4920000 - 0x00007ffaf4be9000 	C:\WINDOWS\System32\KERNELBASE.dll
0x00007ffaf4470000 - 0x00007ffaf4570000 	C:\WINDOWS\System32\ucrtbase.dll
0x00007ffad9530000 - 0x00007ffad9549000 	C:\Program Files\Android\Android Studio\jre\bin\jli.dll
0x00007ffad95a0000 - 0x00007ffad95b7000 	C:\Program Files\Android\Android Studio\jre\bin\VCRUNTIME140.dll
0x00007ffaf6b60000 - 0x00007ffaf6d01000 	C:\WINDOWS\System32\USER32.dll
0x00007ffaf48f0000 - 0x00007ffaf4912000 	C:\WINDOWS\System32\win32u.dll
0x00007ffaf5bd0000 - 0x00007ffaf5bfb000 	C:\WINDOWS\System32\GDI32.dll
0x00007ffaf4750000 - 0x00007ffaf485b000 	C:\WINDOWS\System32\gdi32full.dll
0x00007ffae4d20000 - 0x00007ffae4fba000 	C:\WINDOWS\WinSxS\amd64_microsoft.windows.common-controls_6595b64144ccf1df_6.0.19041.1110_none_60b5254171f9507e\COMCTL32.dll
0x00007ffaf4d00000 - 0x00007ffaf4d9d000 	C:\WINDOWS\System32\msvcp_win.dll
0x00007ffaf5360000 - 0x00007ffaf53fe000 	C:\WINDOWS\System32\msvcrt.dll
0x00007ffaf5cd0000 - 0x00007ffaf5d00000 	C:\WINDOWS\System32\IMM32.DLL
0x00007ffad7570000 - 0x00007ffad760d000 	C:\Program Files\Android\Android Studio\jre\bin\msvcp140.dll
0x00007ffabd040000 - 0x00007ffabdb0f000 	C:\Program Files\Android\Android Studio\jre\bin\server\jvm.dll
0x00007ffaf6ab0000 - 0x00007ffaf6b5c000 	C:\WINDOWS\System32\ADVAPI32.dll
0x00007ffaf5420000 - 0x00007ffaf54bb000 	C:\WINDOWS\System32\sechost.dll
0x00007ffaf5230000 - 0x00007ffaf535a000 	C:\WINDOWS\System32\RPCRT4.dll
0x00007ffaf6360000 - 0x00007ffaf6368000 	C:\WINDOWS\System32\PSAPI.DLL
0x00007ffad73a0000 - 0x00007ffad73a9000 	C:\WINDOWS\SYSTEM32\WSOCK32.dll
0x00007ffadddb0000 - 0x00007ffadddd7000 	C:\WINDOWS\SYSTEM32\WINMM.dll
0x00007ffaef4e0000 - 0x00007ffaef4ea000 	C:\WINDOWS\SYSTEM32\VERSION.dll
0x00007ffaf5830000 - 0x00007ffaf589b000 	C:\WINDOWS\System32\WS2_32.dll
0x00007ffaf22b0000 - 0x00007ffaf22c2000 	C:\WINDOWS\SYSTEM32\kernel.appcore.dll
0x00007ffae83d0000 - 0x00007ffae83e1000 	C:\Program Files\Android\Android Studio\jre\bin\verify.dll
0x00007ffaeecc0000 - 0x00007ffaeeea4000 	C:\WINDOWS\SYSTEM32\DBGHELP.DLL
0x00007ffaeef50000 - 0x00007ffaeef7c000 	C:\WINDOWS\SYSTEM32\dbgcore.DLL
0x00007ffaf4860000 - 0x00007ffaf48e3000 	C:\WINDOWS\System32\bcryptPrimitives.dll
0x00007ffada200000 - 0x00007ffada229000 	C:\Program Files\Android\Android Studio\jre\bin\java.dll
0x00007ffaee3d0000 - 0x00007ffaee3db000 	C:\Program Files\Android\Android Studio\jre\bin\jimage.dll
0x00007ffada150000 - 0x00007ffada168000 	C:\Program Files\Android\Android Studio\jre\bin\zip.dll

dbghelp: loaded successfully - version: 4.0.5 - missing functions: none
symbol engine: initialized successfully - sym options: 0x614 - pdb path: .;C:\Program Files\Android\Android Studio\jre\bin;C:\WINDOWS\SYSTEM32;C:\WINDOWS\WinSxS\amd64_microsoft.windows.common-controls_6595b64144ccf1df_6.0.19041.1110_none_60b5254171f9507e;C:\Program Files\Android\Android Studio\jre\bin\server

VM Arguments:
jvm_args: -Djava.awt.headless=true -Dorg.gradle.internal.worker.tmpdir=C:\Users\user\AndroidStudioProjects\ConvertBinaryandHex\app\build\tmp\testDebugUnitTest\work -Dorg.gradle.native=false --add-opens=java.base/java.util=ALL-UNNAMED --add-opens=java.base/java.lang=ALL-UNNAMED -Xmx512m -Dfile.encoding=windows-1252 -Duser.country=US -Duser.language=en -Duser.variant -ea 
java_command: worker.org.gradle.process.internal.worker.GradleWorkerMain 'Gradle Test Executor 1'
java_class_path (initial): C:\\Users\\user\\.gradle\\caches\\7.0.2\\workerMain\\gradle-worker.jar;C:\\Users\\user\\AndroidStudioProjects\\ConvertBinaryandHex\\app\\build\\intermediates\\javac\\debugUnitTest\\classes;C:\\Users\\user\\AndroidStudioProjects\\ConvertBinaryandHex\\app\\build\\tmp\\kotlin-classes\\debugUnitTest;C:\\Users\\user\\AndroidStudioProjects\\ConvertBinaryandHex\\app\\build\\intermediates\\java_res\\debugUnitTest\\out;C:\\Users\\user\\AndroidStudioProjects\\ConvertBinaryandHex\\app\\build\\intermediates\\app_classes\\debug\\classes.jar;C:\\Users\\user\\.gradle\\caches\\transforms-3\\51f4d14e3c5d58092e854e6d45fa4188\\transformed\\jetified-junit-4.12.jar;C:\\Users\\user\\.gradle\\caches\\transforms-3\\ea1180318aa00654806fa63bdd73d293\\transformed\\jetified-kotlin-android-extensions-runtime-1.4.0.jar;C:\\Users\\user\\.gradle\\caches\\transforms-3\\89034c83b0ddeed45818d2417982a22a\\transformed\\jetified-core-ktx-1.3.1-runtime.jar;C:\\Users\\user\\.gradle\\caches\\transforms-3\\f80863c312a9f2235ea020267eecc280\\transformed\\jetified-kotlin-stdlib-1.4.0.jar;C:\\Users\\user\\.gradle\\caches\\transforms-3\\77c3618baa389c7dc26d4bd99e0f734e\\transformed\\appcompat-1.2.0-runtime.jar;C:\\Users\\user\\.gradle\\caches\\transforms-3\\bce3142706248e246e71d09c839fe06e\\transformed\\constraintlayout-1.1.3-runtime.jar;C:\\Users\\user\\.gradle\\caches\\transforms-3\\d82ea23e2977aefbd87bd75e4fca6a47\\transformed\\jetified-hamcrest-core-1.3.jar;C:\\Users\\user\\.gradle\\caches\\transforms-3\\e950907faadb81b05db7fcef1b2e718a\\transformed\\jetified-kotlin-stdlib-common-1.4.0.jar;C:\\Users\\user\\.gradle\\caches\\transforms-3\\32e685499a4aabe490163c725bbd5f9e\\transformed\\jetified-annotations-13.0.jar;C:\\Users\\user\\.gradle\\caches\\transforms-3\\4c7e44ada1f4e319702735ff8c24340a\\transformed\\fragment-1.1.0-runtime.jar;C:\\Users\\user\\.gradle\\caches\\transforms-3\\544fc641a614d90efba3e36e23dae746\\transformed\\jetified-appcompat-resources-1.2.0-runtime.jar;C:\\User
Launcher Type: SUN_STANDARD

[Global flags]
     intx CICompilerCount                          = 4                                         {product} {ergonomic}
     uint ConcGCThreads                            = 2                                         {product} {ergonomic}
     uint G1ConcRefinementThreads                  = 8                                         {product} {ergonomic}
   size_t G1HeapRegionSize                         = 1048576                                   {product} {ergonomic}
    uintx GCDrainStackTargetSize                   = 64                                        {product} {ergonomic}
   size_t InitialHeapSize                          = 268435456                                 {product} {ergonomic}
   size_t MarkStackSize                            = 4194304                                   {product} {ergonomic}
   size_t MaxHeapSize                              = 536870912                                 {product} {command line}
   size_t MinHeapDeltaBytes                        = 1048576                                   {product} {ergonomic}
    uintx NonNMethodCodeHeapSize                   = 5836300                                {pd product} {ergonomic}
    uintx NonProfiledCodeHeapSize                  = 122910970                              {pd product} {ergonomic}
    uintx ProfiledCodeHeapSize                     = 122910970                              {pd product} {ergonomic}
    uintx ReservedCodeCacheSize                    = 251658240                              {pd product} {ergonomic}
     bool SegmentedCodeCache                       = true                                      {product} {ergonomic}
     bool UseCompressedClassPointers               = true                                 {lp64_product} {ergonomic}
     bool UseCompressedOops                        = true                                 {lp64_product} {ergonomic}
     bool UseG1GC                                  = true                                      {product} {ergonomic}
     bool UseLargePagesIndividualAllocation        = false                                  {pd product} {ergonomic}

Logging:
Log output configuration:
 #0: stdout all=warning uptime,level,tags
 #1: stderr all=off uptime,level,tags

Environment Variables:
CLASSPATH=C:\Users\user\Documents\Java\HellowWorld\src\app
PATH=C:\Program Files (x86)\Common Files\Intel\Shared Libraries\redist\intel64_win\compiler;C:\Program Files (x86)\Common Files\Intel\Shared Libraries\redist\intel64\compiler;C:\Program Files (x86)\Intel\iCLS Client\;C:\Program Files\Intel\iCLS Client\;C:\WINDOWS\system32;C:\WINDOWS;C:\WINDOWS\System32\Wbem;C:\WINDOWS\System32\WindowsPowerShell\v1.0\;C:\WINDOWS\System32\OpenSSH\;C:\Program Files\NVIDIA Corporation\NVIDIA NvDLISR;C:\Program Files (x86)\NVIDIA Corporation\PhysX\Common;C:\Program Files (x86)\Intel\Intel(R) Management Engine Components\DAL;C:\Program Files\Intel\Intel(R) Management Engine Components\DAL;C:\Program Files (x86)\Intel\Intel(R) Management Engine Components\IPT;C:\Program Files\Intel\Intel(R) Management Engine Components\IPT;C:\Program Files\Microsoft SQL Server\130\Tools\Binn\;C:\MinGW\bin;C:\Program Files\dotnet\;C:\WINDOWS\system32;C:\WINDOWS;C:\WINDOWS\System32\Wbem;C:\WINDOWS\System32\WindowsPowerShell\v1.0\;C:\WINDOWS\System32\OpenSSH\;C:\Program Files\Git\cmd;C:\Program Files\Microsoft SQL Server\110\Tools\Binn\;C:\Program Files\Microsoft SQL Server\120\Tools\Binn\;C:\Program Files\Java\jdk-14.0.1\bin;C:\Program Files\Microsoft VS Code\bin;C:\Program Files\heroku\bin;C:\Program Files\MongoDB\Server\4.2\bin;C:\Users\user\AppData\Local\Microsoft\WindowsApps;C:\Users\user\AppData\Local\GitHubDesktop\bin
USERNAME=itsme
OS=Windows_NT
PROCESSOR_IDENTIFIER=Intel64 Family 6 Model 60 Stepping 3, GenuineIntel



---------------  S Y S T E M  ---------------

OS: Windows 10 , 64 bit Build 19041 (10.0.19041.1202)
OS uptime: 7 days 20:43 hours

CPU:total 8 (initial active 8) (4 cores per cpu, 2 threads per core) family 6 model 60 stepping 3 microcode 0x27, cmov, cx8, fxsr, mmx, sse, sse2, sse3, ssse3, sse4.1, sse4.2, popcnt, avx, avx2, aes, clmul, erms, lzcnt, ht, tsc, tscinvbit, bmi1, bmi2, fma

Memory: 4k page, system-wide physical 16326M (2097M free)
TotalPageFile size 21126M (AvailPageFile size 5M)
current process WorkingSet (physical memory assigned to process): 10M, peak: 10M
current process commit charge ("private bytes"): 54M, peak: 55M

vm_info: OpenJDK 64-Bit Server VM (11.0.10+0-b96-7249189) for windows-amd64 JRE (11.0.10+0-b96-7249189), built on Mar 31 2021 21:44:00 by "builder" with MS VC++ 14.0 (VS2015)

END.
